#
# There is insufficient memory for the Java Runtime Environment to continue.
# Native memory allocation (malloc) failed to allocate 35920 bytes for Chunk::new
# Possible reasons:
#   The system is out of physical RAM or swap space
#   In 32 bit mode, the process size limit was hit
# Possible solutions:
#   Reduce memory load on the system
#   Increase physical memory or swap space
#   Check if swap backing store is full
#   Use 64 bit Java on a 64 bit OS
#   Decrease Java heap size (-Xmx/-Xms)
#   Decrease number of Java threads
#   Decrease Java thread stack sizes (-Xss)
#   Set larger code cache with -XX:ReservedCodeCacheSize=
# This output file may be truncated or incomplete.
#
#  Out of Memory Error (allocation.cpp:388), pid=15280, tid=14888
#
# JRE version:  (8.0_11-b12) (build )
# Java VM: Java HotSpot(TM) 64-Bit Server VM (25.11-b03 mixed mode windows-amd64 compressed oops)
# Failed to write core dump. Minidumps are not enabled by default on client versions of Windows
#

---------------  T H R E A D  ---------------

Current thread (0x000000000248b800):  JavaThread "main" [_thread_in_native, id=14888, stack(0x00000000028c0000,0x00000000029c0000)]

Stack: [0x00000000028c0000,0x00000000029c0000]
Native frames: (J=compiled Java code, j=interpreted, Vv=VM code, C=native code)
V  [jvm.dll+0x308eca]

Java frames: (J=compiled Java code, j=interpreted, Vv=VM code)
j  java.lang.String.<init>([C)V+8
j  sun.nio.cs.FastCharsetProvider.toLower(Ljava/lang/String;)Ljava/lang/String;+118
j  sun.nio.cs.FastCharsetProvider.lookup(Ljava/lang/String;)Ljava/nio/charset/Charset;+2
j  sun.nio.cs.FastCharsetProvider.charsetForName(Ljava/lang/String;)Ljava/nio/charset/Charset;+10
j  java.nio.charset.Charset.lookup2(Ljava/lang/String;)Ljava/nio/charset/Charset;+39
j  java.nio.charset.Charset.lookup(Ljava/lang/String;)Ljava/nio/charset/Charset;+40
j  java.nio.charset.Charset.isSupported(Ljava/lang/String;)Z+1
v  ~StubRoutines::call_stub
j  java.lang.System.initProperties(Ljava/util/Properties;)Ljava/util/Properties;+0
j  java.lang.System.initializeSystemClass()V+13
v  ~StubRoutines::call_stub

---------------  P R O C E S S  ---------------

Java Threads: ( => current thread )
  0x000000001c811000 JavaThread "Finalizer" daemon [_thread_blocked, id=14228, stack(0x000000001e8f0000,0x000000001e9f0000)]
  0x000000001c806000 JavaThread "Reference Handler" daemon [_thread_blocked, id=15308, stack(0x000000001e640000,0x000000001e740000)]
=>0x000000000248b800 JavaThread "main" [_thread_in_native, id=14888, stack(0x00000000028c0000,0x00000000029c0000)]

Other Threads:
  0x000000001c801000 VMThread [stack: 0x000000001e740000,0x000000001e840000] [id=5704]

VM state:not at safepoint (normal execution)

VM Mutex/Monitor currently owned by a thread: None

Heap:
 PSYoungGen      total 1024K, used 97K [0x000000076b000000, 0x000000076b180000, 0x00000007c0000000)
  eden space 512K, 18% used [0x000000076b000000,0x000000076b018440,0x000000076b080000)
  from space 512K, 0% used [0x000000076b100000,0x000000076b100000,0x000000076b180000)
  to   space 512K, 0% used [0x000000076b080000,0x000000076b080000,0x000000076b100000)
 ParOldGen       total 260608K, used 0K [0x00000006c1000000, 0x00000006d0e80000, 0x000000076b000000)
  object space 260608K, 0% used [0x00000006c1000000,0x00000006c1000000,0x00000006d0e80000)
 Metaspace       used 1110K, capacity 4480K, committed 4480K, reserved 1056768K
  class space    used 121K, capacity 384K, committed 384K, reserved 1048576K

Card table byte_map: [0x0000000011d80000,0x0000000012580000] byte_map_base: 0x000000000e778000

Marking Bits: (ParMarkBitMap*) 0x00000000513312b0
 Begin Bits: [0x00000000136a0000, 0x0000000017660000)
 End Bits:   [0x0000000017660000, 0x000000001b620000)

Polling page: 0x0000000000350000

CodeCache: size=245760Kb used=403Kb max_used=403Kb free=245356Kb
 bounds [0x00000000029c0000, 0x0000000002c30000, 0x00000000119c0000]
 total_blobs=102 nmethods=0 adapters=78
 compilation: enabled

Compilation events (0 events):
No events

GC Heap History (0 events):
No events

Deoptimization events (0 events):
No events

Internal exceptions (2 events):
Event: 0.059 Thread 0x000000000248b800 Exception <a 'java/lang/NoSuchMethodError': Method sun.misc.Unsafe.defineClass(Ljava/lang/String;[BII)Ljava/lang/Class; name or signature does not match> (0x000000076b014ba8) thrown at [C:\re\workspace\8-2-build-windows-amd64-cygwin\jdk8u11\648\hotspot\src€WG¢Í!Æ?
Event: 0.059 Thread 0x000000000248b800 Exception <a 'java/lang/NoSuchMethodError': Method sun.misc.Unsafe.prefetchRead(Ljava/lang/Object;J)V name or signature does not match> (0x000000076b014e38) thrown at [C:\re\workspace\8-2-build-windows-amd64-cygwin\jdk8u11\648\hotspot\src\share\vm\prims\jn

Events (10 events):
Event: 0.061 loading class java/util/WeakHashMap
Event: 0.061 loading class java/util/WeakHashMap done
Event: 0.061 loading class java/lang/ClassValue$ClassValueMap done
Event: 0.061 loading class java/lang/reflect/Modifier
Event: 0.061 loading class java/lang/reflect/Modifier done
Event: 0.062 loading class java/lang/reflect/ReflectAccess
Event: 0.062 loading class sun/reflect/LangReflectAccess
Event: 0.062 loading class sun/reflect/LangReflectAccess done
Event: 0.062 loading class java/lang/reflect/ReflectAccess done
Event: 0.062 loading class java/util/Arrays


Dynamic libraries:
0x000000013f720000 - 0x000000013f754000 	C:\Java\jdk1.8.11\bin\javaw.exe
0x0000000077bb0000 - 0x0000000077d59000 	C:\Windows\SYSTEM32\ntdll.dll
0x0000000077a90000 - 0x0000000077baf000 	C:\Windows\system32\kernel32.dll
0x000007fefdc90000 - 0x000007fefdcfb000 	C:\Windows\system32\KERNELBASE.dll
0x000007fefea00000 - 0x000007fefeadb000 	C:\Windows\system32\ADVAPI32.dll
0x000007fefe780000 - 0x000007fefe81f000 	C:\Windows\system32\msvcrt.dll
0x000007fefe760000 - 0x000007fefe77f000 	C:\Windows\SYSTEM32\sechost.dll
0x000007fefe370000 - 0x000007fefe49d000 	C:\Windows\system32\RPCRT4.dll
0x0000000077990000 - 0x0000000077a8a000 	C:\Windows\system32\USER32.dll
0x000007fefec90000 - 0x000007fefecf7000 	C:\Windows\system32\GDI32.dll
0x000007fefe0f0000 - 0x000007fefe0fe000 	C:\Windows\system32\LPK.dll
0x000007fefe5b0000 - 0x000007fefe679000 	C:\Windows\system32\USP10.dll
0x000007fefc500000 - 0x000007fefc6f4000 	C:\Windows\WinSxS\amd64_microsoft.windows.common-controls_6595b64144ccf1df_6.0.7601.17514_none_fa396087175ac9ac\COMCTL32.dll
0x000007fefec10000 - 0x000007fefec81000 	C:\Windows\system32\SHLWAPI.dll
0x000007feffda0000 - 0x000007feffdce000 	C:\Windows\system32\IMM32.DLL
0x000007fefe4a0000 - 0x000007fefe5a9000 	C:\Windows\system32\MSCTF.dll
0x0000000057350000 - 0x0000000057422000 	C:\Java\jdk1.8.11\jre\bin\msvcr100.dll
0x0000000050b80000 - 0x00000000513aa000 	C:\Java\jdk1.8.11\jre\bin\server\jvm.dll
0x000007fef94c0000 - 0x000007fef94c9000 	C:\Windows\system32\WSOCK32.dll
0x000007feffdf0000 - 0x000007feffe3d000 	C:\Windows\system32\WS2_32.dll
0x000007fefe100000 - 0x000007fefe108000 	C:\Windows\system32\NSI.dll
0x000007fefaef0000 - 0x000007fefaf2b000 	C:\Windows\system32\WINMM.dll
0x0000000077d80000 - 0x0000000077d87000 	C:\Windows\system32\PSAPI.DLL
0x000000005e290000 - 0x000000005e29f000 	C:\Java\jdk1.8.11\jre\bin\verify.dll
0x0000000057320000 - 0x0000000057348000 	C:\Java\jdk1.8.11\jre\bin\java.dll
0x000000005c8d0000 - 0x000000005c8e6000 	C:\Java\jdk1.8.11\jre\bin\zip.dll
0x000007fefed00000 - 0x000007feffa88000 	C:\Windows\system32\SHELL32.dll
0x000007feffaf0000 - 0x000007feffcf3000 	C:\Windows\system32\ole32.dll
0x000007fefdb00000 - 0x000007fefdb0f000 	C:\Windows\system32\profapi.dll

VM Arguments:
jvm_args: -Dfile.encoding=UTF-8 
java_command: mqtest.RabbitMqClient
java_class_path (initial): E:\workspace\InternalMsg\bin;C:\Users\note\.gradle\caches\modules-2\files-2.1\com.alibaba\druid\1.0.7\b22e92e5a3e631c003b898dde34421a80527132d\druid-1.0.7.jar;C:\Users\note\.gradle\caches\modules-2\files-2.1\commons-logging\commons-logging\1.1.3\f6f66e966c70a83ffbdb6f17a0919eaf7c8aca7f\commons-logging-1.1.3.jar;C:\Users\note\.gradle\caches\modules-2\files-2.1\junit\junit\4.11\4e031bb61df09069aeb2bffb4019e7a5034a4ee0\junit-4.11.jar;C:\Users\note\.gradle\caches\modules-2\files-2.1\org.springframework\spring-core\4.0.6.RELEASE\d880beac77d42c5798aa2b632ddd0e4ae47c79ad\spring-core-4.0.6.RELEASE.jar;C:\Users\note\.gradle\caches\modules-2\files-2.1\com.jhlabs\filters\2.0.235\af6a2dfefef70f1ab2d7a8d1f8173f67e276b3f4\filters-2.0.235.jar;C:\Users\note\.gradle\caches\modules-2\files-2.1\antlr\antlr\2.7.7\83cd2cd674a217ade95a4bb83a8a14f351f48bd0\antlr-2.7.7.jar;C:\Users\note\.gradle\caches\modules-2\files-2.1\log4j\log4j\1.2.17\5af35056b4d257e4b64b9e8069c0746e8b08629f\log4j-1.2.17.jar;C:\Users\note\.gradle\caches\modules-2\files-2.1\com.belerweb\pinyin4j\2.5.0\5a620aedec0f779f2123ba60fd4b74bfbd3e2646\pinyin4j-2.5.0.jar;C:\Users\note\.gradle\caches\modules-2\files-2.1\javax.el\javax.el-api\3.0.0\60a59edc89f93d57541da31ee1c83428ab1cdcb3\javax.el-api-3.0.0.jar;C:\Users\note\.gradle\caches\modules-2\files-2.1\org.springframework\spring-context\4.0.6.RELEASE\3bb3a52edabf9ffe73aa534fb085c816bac28b4d\spring-context-4.0.6.RELEASE.jar;C:\Users\note\.gradle\caches\modules-2\files-2.1\org.aspectj\aspectjrt\1.8.1\5e7a0fa36cc24ead36d885b9d775bb31ffa8524c\aspectjrt-1.8.1.jar;C:\Users\note\.gradle\caches\modules-2\files-2.1\org.jboss.spec.javax.transaction\jboss-transaction-api_1.2_spec\1.0.0.Final\1f9fef7a9fcbb41cc390fc370a291cf30729e094\jboss-transaction-api_1.2_spec-1.0.0.Final.jar;C:\Users\note\.gradle\caches\modules-2\files-2.1\org.apache.shiro\shiro-core\1.2.3\4ddf1b83360c7e39f02e3e20ca364d2c448ed01f\shiro-core-1.2.3.jar;C:\Users\note\.gradle\caches\modules-
Launcher Type: SUN_STANDARD

Environment Variables:
JAVA_HOME=C:\Java\jdk1.8.11
PATH=
[error occurred during error reporting (printing environment variables), id 0xc0000005]



---------------  S Y S T E M  ---------------

OS: Windows 7 , 64 bit Build 7601 Service Pack 1

CPU:total 8 (4 cores per cpu, 2 threads per core) family 6 model 30 stepping 5, cmov, cx8, fxsr, mmx, sse, sse2, sse3, ssse3, sse4.1, sse4.2, popcnt, ht, tsc, tscinvbit

Memory: 4k page, physical 16707084k(3964056k free), swap 16705240k(5024k free)

vm_info: Java HotSpot(TM) 64-Bit Server VM (25.11-b03) for windows-amd64 JRE (1.8.0_11-b12), built on Jun 16 2014 20:57:32 by "java_re" with MS VC++ 10.0 (VS2010)

time: Mon Nov 24 13:28:24 2014
elapsed time: 0 seconds

